This is pdfTeX, Version 3.1415926-2.5-1.40.14 (MiKTeX 2.9) (preloaded format=pdflatex 2014.5.8)  26 SEP 2014 03:02
entering extended mode
**C:/Users/patr0805/Documents/GitHub/BDSA2014/LatexAS.38/AS38.tex
(C:/Users/patr0805/Documents/GitHub/BDSA2014/LatexAS.38/AS38.tex
LaTeX2e <2011/06/27>
Babel <v3.8m> and hyphenation patterns for english, afrikaans, ancientgreek, ar
abic, armenian, assamese, basque, bengali, bokmal, bulgarian, catalan, coptic, 
croatian, czech, danish, dutch, esperanto, estonian, farsi, finnish, french, ga
lician, german, german-x-2013-05-26, greek, gujarati, hindi, hungarian, iceland
ic, indonesian, interlingua, irish, italian, kannada, kurmanji, latin, latvian,
 lithuanian, malayalam, marathi, mongolian, mongolianlmc, monogreek, ngerman, n
german-x-2013-05-26, nynorsk, oriya, panjabi, pinyin, polish, portuguese, roman
ian, russian, sanskrit, serbian, slovak, slovenian, spanish, swedish, swissgerm
an, tamil, telugu, turkish, turkmen, ukenglish, ukrainian, uppersorbian, usengl
ishmax, welsh, loaded.
("C:\Program Files (x86)\MiKTeX 2.9\tex\latex\base\article.cls"
Document Class: article 2007/10/19 v1.4h Standard LaTeX document class
("C:\Program Files (x86)\MiKTeX 2.9\tex\latex\base\size10.clo"
File: size10.clo 2007/10/19 v1.4h Standard LaTeX file (size option)
)
\c@part=\count79
\c@section=\count80
\c@subsection=\count81
\c@subsubsection=\count82
\c@paragraph=\count83
\c@subparagraph=\count84
\c@figure=\count85
\c@table=\count86
\abovecaptionskip=\skip41
\belowcaptionskip=\skip42
\bibindent=\dimen102
)
("C:\Program Files (x86)\MiKTeX 2.9\tex\latex\amsmath\amsmath.sty"
Package: amsmath 2013/01/14 v2.14 AMS math features
\@mathmargin=\skip43

For additional information on amsmath, use the `?' option.
("C:\Program Files (x86)\MiKTeX 2.9\tex\latex\amsmath\amstext.sty"
Package: amstext 2000/06/29 v2.01

("C:\Program Files (x86)\MiKTeX 2.9\tex\latex\amsmath\amsgen.sty"
File: amsgen.sty 1999/11/30 v2.0
\@emptytoks=\toks14
\ex@=\dimen103
))
("C:\Program Files (x86)\MiKTeX 2.9\tex\latex\amsmath\amsbsy.sty"
Package: amsbsy 1999/11/29 v1.2d
\pmbraise@=\dimen104
)
("C:\Program Files (x86)\MiKTeX 2.9\tex\latex\amsmath\amsopn.sty"
Package: amsopn 1999/12/14 v2.01 operator names
)
\inf@bad=\count87
LaTeX Info: Redefining \frac on input line 210.
\uproot@=\count88
\leftroot@=\count89
LaTeX Info: Redefining \overline on input line 306.
\classnum@=\count90
\DOTSCASE@=\count91
LaTeX Info: Redefining \ldots on input line 378.
LaTeX Info: Redefining \dots on input line 381.
LaTeX Info: Redefining \cdots on input line 466.
\Mathstrutbox@=\box26
\strutbox@=\box27
\big@size=\dimen105
LaTeX Font Info:    Redeclaring font encoding OML on input line 566.
LaTeX Font Info:    Redeclaring font encoding OMS on input line 567.
\macc@depth=\count92
\c@MaxMatrixCols=\count93
\dotsspace@=\muskip10
\c@parentequation=\count94
\dspbrk@lvl=\count95
\tag@help=\toks15
\row@=\count96
\column@=\count97
\maxfields@=\count98
\andhelp@=\toks16
\eqnshift@=\dimen106
\alignsep@=\dimen107
\tagshift@=\dimen108
\tagwidth@=\dimen109
\totwidth@=\dimen110
\lineht@=\dimen111
\@envbody=\toks17
\multlinegap=\skip44
\multlinetaggap=\skip45
\mathdisplay@stack=\toks18
LaTeX Info: Redefining \[ on input line 2665.
LaTeX Info: Redefining \] on input line 2666.
)
("C:\Program Files (x86)\MiKTeX 2.9\tex\latex\amsfonts\amssymb.sty"
Package: amssymb 2013/01/14 v3.01 AMS font symbols

("C:\Program Files (x86)\MiKTeX 2.9\tex\latex\amsfonts\amsfonts.sty"
Package: amsfonts 2013/01/14 v3.01 Basic AMSFonts support
\symAMSa=\mathgroup4
\symAMSb=\mathgroup5
LaTeX Font Info:    Overwriting math alphabet `\mathfrak' in version `bold'
(Font)                  U/euf/m/n --> U/euf/b/n on input line 106.
))
("C:\Program Files (x86)\MiKTeX 2.9\tex\latex\graphics\graphicx.sty"
Package: graphicx 2014/04/25 v1.0g Enhanced LaTeX Graphics (DPC,SPQR)

("C:\Program Files (x86)\MiKTeX 2.9\tex\latex\graphics\keyval.sty"
Package: keyval 2014/05/08 v1.15 key=value parser (DPC)
\KV@toks@=\toks19
)
("C:\Program Files (x86)\MiKTeX 2.9\tex\latex\graphics\graphics.sty"
Package: graphics 2009/02/05 v1.0o Standard LaTeX Graphics (DPC,SPQR)

("C:\Program Files (x86)\MiKTeX 2.9\tex\latex\graphics\trig.sty"
Package: trig 1999/03/16 v1.09 sin cos tan (DPC)
)
("C:\Program Files (x86)\MiKTeX 2.9\tex\latex\00miktex\graphics.cfg"
File: graphics.cfg 2007/01/18 v1.5 graphics configuration of teTeX/TeXLive
)
Package graphics Info: Driver file: pdftex.def on input line 91.

("C:\Program Files (x86)\MiKTeX 2.9\tex\latex\pdftex-def\pdftex.def"
File: pdftex.def 2011/05/27 v0.06d Graphics/color for pdfTeX

("C:\Program Files (x86)\MiKTeX 2.9\tex\generic\oberdiek\infwarerr.sty"
Package: infwarerr 2010/04/08 v1.3 Providing info/warning/error messages (HO)
)
("C:\Program Files (x86)\MiKTeX 2.9\tex\generic\oberdiek\ltxcmds.sty"
Package: ltxcmds 2011/11/09 v1.22 LaTeX kernel commands for general use (HO)
)
\Gread@gobject=\count99
))
\Gin@req@height=\dimen112
\Gin@req@width=\dimen113
)
("C:\Program Files (x86)\MiKTeX 2.9\tex\generic\babel\babel.sty"
Package: babel 2008/07/08 v3.8m The Babel package

*************************************
* Local config file bblopts.cfg used
*
("C:\Program Files (x86)\MiKTeX 2.9\tex\latex\00miktex\bblopts.cfg"
File: bblopts.cfg 2006/07/31 v1.0 MiKTeX 'babel' configuration
)
("C:\Program Files (x86)\MiKTeX 2.9\tex\generic\babel\germanb.ldf"
Language: germanb 2008/06/01 v2.6m German support from the babel system

("C:\Program Files (x86)\MiKTeX 2.9\tex\generic\babel\babel.def"
File: babel.def 2008/07/08 v3.8m Babel common definitions
\babel@savecnt=\count100
\U@D=\dimen114
)
\l@austrian = a dialect from \language\l@german 
Package babel Info: Making " an active character on input line 102.
))
("C:\Program Files (x86)\MiKTeX 2.9\tex\latex\caption\caption.sty"
Package: caption 2013/05/02 v3.3-89 Customizing captions (AR)

("C:\Program Files (x86)\MiKTeX 2.9\tex\latex\caption\caption3.sty"
Package: caption3 2013/05/02 v1.6-88 caption3 kernel (AR)
Package caption3 Info: TeX engine: e-TeX on input line 57.
\captionmargin=\dimen115
\captionmargin@=\dimen116
\captionwidth=\dimen117
\caption@tempdima=\dimen118
\caption@indent=\dimen119
\caption@parindent=\dimen120
\caption@hangindent=\dimen121
)
\c@ContinuedFloat=\count101
)
(C:\Users\patr0805\Documents\GitHub\BDSA2014\LatexAS.38\AS38.aux)
LaTeX Font Info:    Checking defaults for OML/cmm/m/it on input line 13.
LaTeX Font Info:    ... okay on input line 13.
LaTeX Font Info:    Checking defaults for T1/cmr/m/n on input line 13.
LaTeX Font Info:    ... okay on input line 13.
LaTeX Font Info:    Checking defaults for OT1/cmr/m/n on input line 13.
LaTeX Font Info:    ... okay on input line 13.
LaTeX Font Info:    Checking defaults for OMS/cmsy/m/n on input line 13.
LaTeX Font Info:    ... okay on input line 13.
LaTeX Font Info:    Checking defaults for OMX/cmex/m/n on input line 13.
LaTeX Font Info:    ... okay on input line 13.
LaTeX Font Info:    Checking defaults for U/cmr/m/n on input line 13.
LaTeX Font Info:    ... okay on input line 13.

("C:\Program Files (x86)\MiKTeX 2.9\tex\context\base\supp-pdf.mkii"
[Loading MPS to PDF converter (version 2006.09.02).]
\scratchcounter=\count102
\scratchdimen=\dimen122
\scratchbox=\box28
\nofMPsegments=\count103
\nofMParguments=\count104
\everyMPshowfont=\toks20
\MPscratchCnt=\count105
\MPscratchDim=\dimen123
\MPnumerator=\count106
\makeMPintoPDFobject=\count107
\everyMPtoPDFconversion=\toks21
)
Package caption Info: Begin \AtBeginDocument code.
Package caption Info: End \AtBeginDocument code.
LaTeX Font Info:    Try loading font information for U+msa on input line 17.
 ("C:\Program Files (x86)\MiKTeX 2.9\tex\latex\amsfonts\umsa.fd"
File: umsa.fd 2013/01/14 v3.01 AMS symbols A
)
LaTeX Font Info:    Try loading font information for U+msb on input line 17.

("C:\Program Files (x86)\MiKTeX 2.9\tex\latex\amsfonts\umsb.fd"
File: umsb.fd 2013/01/14 v3.01 AMS symbols B
) [1

{C:/ProgramData/MiKTeX/2.9/pdftex/config/pdftex.map}]
Underfull \hbox (badness 10000) in paragraph at lines 23--24

 []

LaTeX Font Info:    Try loading font information for OMS+cmr on input line 40.
("C:\Program Files (x86)\MiKTeX 2.9\tex\latex\base\omscmr.fd"
File: omscmr.fd 1999/05/25 v2.5h Standard LaTeX font definitions
)
LaTeX Font Info:    Font shape `OMS/cmr/m/n' in size <10> not available
(Font)              Font shape `OMS/cmsy/m/n' tried instead on input line 40.

Overfull \hbox (28.1316pt too wide) in paragraph at lines 25--65
[][] 
 []

[2]
Underfull \hbox (badness 1052) in paragraph at lines 81--81
[]\OT1/cmr/m/n/10 The lo-gin con-trol ob-
 []


Underfull \hbox (badness 1590) in paragraph at lines 88--88
\OT1/cmr/m/n/10 on-li-ne ac-ces-sa-ble con-
 []


Underfull \hbox (badness 4341) in paragraph at lines 88--88
\OT1/cmr/m/n/10 trol (webser-vice etc.)
 []


Underfull \hbox (badness 10000) in paragraph at lines 88--88
\OT1/cmr/m/n/10 that runs end-les-sly
 []


Underfull \hbox (badness 10000) in paragraph at lines 88--88
\OT1/cmr/m/n/10 and re-gural-ly checks
 []


Underfull \hbox (badness 5711) in paragraph at lines 97--97
\OT1/cmr/m/n/10 ry. Any ac-ti-on that
 []


Underfull \hbox (badness 2521) in paragraph at lines 105--105
[]\OT1/cmr/m/n/10 ManageAccount hand-
 []


Underfull \hbox (badness 6995) in paragraph at lines 105--105
\OT1/cmr/m/n/10 les all ac-ti-ons do-ne
 []


Underfull \hbox (badness 1394) in paragraph at lines 105--105
\OT1/cmr/m/n/10 View Boun-da-ry. Ac-ti-
 []


Underfull \hbox (badness 4024) in paragraph at lines 105--105
\OT1/cmr/m/n/10 ons that ac-ces-ses or
 []


Underfull \hbox (badness 3803) in paragraph at lines 105--105
\OT1/cmr/m/n/10 be do-ne though Ac-
 []


Overfull \hbox (28.72174pt too wide) in paragraph at lines 70--111
[]
 []

[3]
Underfull \hbox (badness 10000) in paragraph at lines 123--123
[]\OT1/cmr/m/n/10 EventLogic per-forms
 []


Underfull \hbox (badness 2635) in paragraph at lines 123--123
\OT1/cmr/m/n/10 any ac-ti-vi-ty that in-
 []


Underfull \hbox (badness 10000) in paragraph at lines 123--123
\OT1/cmr/m/n/10 vol-ves get-ting and
 []


Underfull \hbox (badness 10000) in paragraph at lines 150--150
[]\OT1/cmr/m/n/10 ManageEvent hand-les
 []


Underfull \hbox (badness 4660) in paragraph at lines 150--150
\OT1/cmr/m/n/10 ac-ti-vi-ties do-ne in-si-de
 []


Underfull \hbox (badness 10000) in paragraph at lines 150--150
\OT1/cmr/m/n/10 Ma-na-ge-Event-View
 []


Underfull \hbox (badness 10000) in paragraph at lines 150--150
\OT1/cmr/m/n/10 and uses event-lo-gic
 []


Underfull \hbox (badness 10000) in paragraph at lines 171--171
[]\OT1/cmr/m/n/10 MaintainUsers boun-
 []


Underfull \hbox (badness 10000) in paragraph at lines 171--171
\OT1/cmr/m/n/10 da-ry al-lows a mo-
 []


Underfull \hbox (badness 10000) in paragraph at lines 171--171
\OT1/cmr/m/n/10 de-ra-tor to ma-na-ge
 []


Underfull \hbox (badness 10000) in paragraph at lines 171--171
\OT1/cmr/m/n/10 (ac-cess,edit,remove)
 []


Underfull \hbox (badness 3919) in paragraph at lines 180--180
\OT1/cmr/m/n/10 ry al-lows a mo-de-ra-
 []


Underfull \hbox (badness 10000) in paragraph at lines 187--187
[]\OT1/cmr/m/n/10 ManageEventView
 []


Underfull \hbox (badness 10000) in paragraph at lines 196--196
[]\OT1/cmr/m/n/10 ManageAccountView
 []


Underfull \hbox (badness 2310) in paragraph at lines 196--196
\OT1/cmr/m/n/10 chan-ges to the at-tri-
 []


Underfull \hbox (badness 1917) in paragraph at lines 196--196
\OT1/cmr/m/n/10 bu-tes of his ac-count,
 []


Overfull \hbox (32.09264pt too wide) in paragraph at lines 112--209
[][]
 []


Overfull \hbox (50.4786pt too wide) in paragraph at lines 112--209
[] 
 []

[4] [5] <AnalysisObjectModel.png, id=23, 714.87074pt x 568.524pt>
File: AnalysisObjectModel.png Graphic file (type png)

<use AnalysisObjectModel.png>
Package pdftex.def Info: AnalysisObjectModel.png used on input line 216.
(pdftex.def)             Requested size: 428.92575pt x 341.11703pt.

Overfull \hbox (83.92575pt too wide) in paragraph at lines 216--218
[][] 
 []

[6 <C:/Users/patr0805/Documents/GitHub/BDSA2014/LatexAS.38/AnalysisObjectModel.
png>]
<SequenceModelEditpersonalinformation.png, id=29, 714.87074pt x 566.115pt>
File: SequenceModelEditpersonalinformation.png Graphic file (type png)

<use SequenceModelEditpersonalinformation.png>
Package pdftex.def Info: SequenceModelEditpersonalinformation.png used on input
 line 229.
(pdftex.def)             Requested size: 428.92575pt x 339.67162pt.

Overfull \hbox (83.92575pt too wide) in paragraph at lines 229--231
[][] 
 []

<SequenceModelEnableAlert.png, id=30, 714.87074pt x 566.115pt>
File: SequenceModelEnableAlert.png Graphic file (type png)

<use SequenceModelEnableAlert.png>
Package pdftex.def Info: SequenceModelEnableAlert.png used on input line 237.
(pdftex.def)             Requested size: 428.92575pt x 339.67162pt.

Overfull \hbox (83.92575pt too wide) in paragraph at lines 237--239
[][] 
 []

[7

 <C:/Users/patr0805/Documents/GitHub/BDSA2014/LatexAS.38/SequenceModelEditperso
nalinformation.png>] [8 <C:/Users/patr0805/Documents/GitHub/BDSA2014/LatexAS.38
/SequenceModelEnableAlert.png>]
<SequenceModelSendEventAlert.png, id=40, 714.87074pt x 566.115pt>
File: SequenceModelSendEventAlert.png Graphic file (type png)

<use SequenceModelSendEventAlert.png>
Package pdftex.def Info: SequenceModelSendEventAlert.png used on input line 244
.
(pdftex.def)             Requested size: 428.92575pt x 339.67162pt.

Overfull \hbox (83.92575pt too wide) in paragraph at lines 244--246
[][] 
 []

[9

 <C:/Users/patr0805/Documents/GitHub/BDSA2014/LatexAS.38/SequenceModelSendEvent
Alert.png>] <SendAlertStateMachine.png, id=45, 714.87074pt x 566.115pt>
File: SendAlertStateMachine.png Graphic file (type png)

<use SendAlertStateMachine.png>
Package pdftex.def Info: SendAlertStateMachine.png used on input line 254.
(pdftex.def)             Requested size: 428.92575pt x 339.67162pt.

Overfull \hbox (83.92575pt too wide) in paragraph at lines 254--256
[][] 
 []

<NewEventStateMachine.png, id=46, 714.87074pt x 566.115pt>
File: NewEventStateMachine.png Graphic file (type png)

<use NewEventStateMachine.png>
Package pdftex.def Info: NewEventStateMachine.png used on input line 260.
(pdftex.def)             Requested size: 428.92575pt x 339.67162pt.

Overfull \hbox (83.92575pt too wide) in paragraph at lines 260--262
[][] 
 []

[10

 <C:/Users/patr0805/Documents/GitHub/BDSA2014/LatexAS.38/SendAlertStateMachine.
png>] [11 <C:/Users/patr0805/Documents/GitHub/BDSA2014/LatexAS.38/NewEventState
Machine.png>]
(C:\Users\patr0805\Documents\GitHub\BDSA2014\LatexAS.38\AS38.aux) ) 
Here is how much of TeX's memory you used:
 3487 strings out of 493921
 49976 string characters out of 3144868
 115444 words of memory out of 3000000
 6757 multiletter control sequences out of 15000+200000
 11503 words of font info for 45 fonts, out of 3000000 for 9000
 841 hyphenation exceptions out of 8191
 36i,9n,38p,297b,271s stack positions out of 5000i,500n,10000p,200000b,50000s
<C:/Program 
Files (x86)/MiKTeX 2.9/fonts/type1/public/amsfonts/cm/cmbx10.pfb><C:/Program Fi
les (x86)/MiKTeX 2.9/fonts/type1/public/amsfonts/cm/cmbx12.pfb><C:/Program File
s (x86)/MiKTeX 2.9/fonts/type1/public/amsfonts/cm/cmr10.pfb><C:/Program Files (
x86)/MiKTeX 2.9/fonts/type1/public/amsfonts/cm/cmr12.pfb><C:/Program Files (x86
)/MiKTeX 2.9/fonts/type1/public/amsfonts/cm/cmr17.pfb><C:/Program Files (x86)/M
iKTeX 2.9/fonts/type1/public/amsfonts/cm/cmsy10.pfb>
Output written on AS38.pdf (11 pages, 284572 bytes).
PDF statistics:
 75 PDF objects out of 1000 (max. 8388607)
 0 named destinations out of 1000 (max. 500000)
 31 words of extra memory for PDF output out of 10000 (max. 10000000)

